Looking for git in: git
Using git 2.7.4 from git
> git rev-parse --show-toplevel
> git rev-parse --git-dir
Failed to watch '/home/bigbteam/work/dhruvi161/.git', reverting to legacy API file watched. Some events might be lost.
Error: ENOSPC: no space left on device, watch '/home/bigbteam/work/dhruvi161/.git'
	at FSWatcher.start (internal/fs/watchers.js:164:26)
	at Object.watch (fs.js:1232:11)
	at Object.t.watch (/snap/code/14/usr/share/code/resources/app/extensions/git/dist/main.js:1:594639)
	at new T (/snap/code/14/usr/share/code/resources/app/extensions/git/dist/main.js:1:97765)
	at new k (/snap/code/14/usr/share/code/resources/app/extensions/git/dist/main.js:1:99886)
	at f.openRepository (/snap/code/14/usr/share/code/resources/app/extensions/git/dist/main.js:1:586640)
> git config --get commit.template
Open repository: /home/bigbteam/work/dhruvi161
> git status -z -u
> git symbolic-ref --short HEAD
> git rev-parse master
> git rev-parse --symbolic-full-name master@{u}
> git rev-list --left-right master...refs/remotes/origin/master
> git for-each-ref --format %(refname) %(objectname) --sort -committerdate
> git remote --verbose
> git rev-parse --show-toplevel
> git rev-parse --git-dir
Failed to watch '/home/bigbteam/work/dsc-nit-surat/.git', reverting to legacy API file watched. Some events might be lost.
Error: ENOSPC: no space left on device, watch '/home/bigbteam/work/dsc-nit-surat/.git'
	at FSWatcher.start (internal/fs/watchers.js:164:26)
	at Object.watch (fs.js:1232:11)
	at Object.t.watch (/snap/code/14/usr/share/code/resources/app/extensions/git/dist/main.js:1:594639)
	at new T (/snap/code/14/usr/share/code/resources/app/extensions/git/dist/main.js:1:97765)
	at new k (/snap/code/14/usr/share/code/resources/app/extensions/git/dist/main.js:1:99886)
	at f.openRepository (/snap/code/14/usr/share/code/resources/app/extensions/git/dist/main.js:1:586640)
> git config --get commit.template
Open repository: /home/bigbteam/work/dsc-nit-surat
> git status -z -u
> git symbolic-ref --short HEAD
> git rev-parse master
> git rev-parse --symbolic-full-name master@{u}
> git rev-list --left-right master...refs/remotes/origin/master
> git for-each-ref --format %(refname) %(objectname) --sort -committerdate
> git remote --verbose
> git check-ignore -v -z --stdin
> git check-ignore -v -z --stdin
> git show :src/app/components/events/events.component.html
> git ls-files --stage -- src/app/components/events/
