[2019-09-15 12:25:44.038] [exthost] [info] extension host started
[2019-09-15 12:25:44.053] [exthost] [info] ExtensionService#_doActivateExtension vscode.debug-auto-launch {"startup":true,"activationEvent":"*"}
[2019-09-15 12:25:44.053] [exthost] [info] ExtensionService#loadCommonJSModule file:///snap/code/14/usr/share/code/resources/app/extensions/debug-auto-launch/dist/extension
[2019-09-15 12:25:44.063] [exthost] [info] ExtensionService#_doActivateExtension vscode.emmet {"startup":true,"activationEvent":"*"}
[2019-09-15 12:25:44.064] [exthost] [info] ExtensionService#loadCommonJSModule file:///snap/code/14/usr/share/code/resources/app/extensions/emmet/dist/extension
[2019-09-15 12:25:44.125] [exthost] [info] ExtensionService#_doActivateExtension vscode.git {"startup":true,"activationEvent":"*"}
[2019-09-15 12:25:44.125] [exthost] [info] ExtensionService#loadCommonJSModule file:///snap/code/14/usr/share/code/resources/app/extensions/git/dist/main
[2019-09-15 12:25:44.266] [exthost] [info] ExtensionService#_doActivateExtension vscode.merge-conflict {"startup":true,"activationEvent":"*"}
[2019-09-15 12:25:44.266] [exthost] [info] ExtensionService#loadCommonJSModule file:///snap/code/14/usr/share/code/resources/app/extensions/merge-conflict/dist/extension
[2019-09-15 12:25:44.286] [exthost] [info] ExtensionService#_doActivateExtension formulahendry.auto-close-tag {"startup":true,"activationEvent":"*"}
[2019-09-15 12:25:44.286] [exthost] [info] ExtensionService#loadCommonJSModule file:///home/bigbteam/.vscode/extensions/formulahendry.auto-close-tag-0.5.6/out/src/extension
[2019-09-15 12:25:44.287] [exthost] [info] ExtensionService#_doActivateExtension formulahendry.auto-rename-tag {"startup":true,"activationEvent":"*"}
[2019-09-15 12:25:44.288] [exthost] [info] ExtensionService#loadCommonJSModule file:///home/bigbteam/.vscode/extensions/formulahendry.auto-rename-tag-0.1.0/out/src/extension
[2019-09-15 12:25:44.290] [exthost] [info] eager extensions activated
[2019-09-15 12:26:21.763] [exthost] [info] extension host started
[2019-09-15 12:26:21.778] [exthost] [info] ExtensionService#_doActivateExtension vscode.debug-auto-launch {"startup":true,"activationEvent":"*"}
[2019-09-15 12:26:21.779] [exthost] [info] ExtensionService#loadCommonJSModule file:///snap/code/14/usr/share/code/resources/app/extensions/debug-auto-launch/dist/extension
[2019-09-15 12:26:21.783] [exthost] [info] ExtensionService#_doActivateExtension vscode.emmet {"startup":true,"activationEvent":"*"}
[2019-09-15 12:26:21.783] [exthost] [info] ExtensionService#loadCommonJSModule file:///snap/code/14/usr/share/code/resources/app/extensions/emmet/dist/extension
[2019-09-15 12:26:21.841] [exthost] [info] ExtensionService#_doActivateExtension vscode.git {"startup":true,"activationEvent":"*"}
[2019-09-15 12:26:21.841] [exthost] [info] ExtensionService#loadCommonJSModule file:///snap/code/14/usr/share/code/resources/app/extensions/git/dist/main
[2019-09-15 12:26:21.954] [exthost] [info] ExtensionService#_doActivateExtension vscode.merge-conflict {"startup":true,"activationEvent":"*"}
[2019-09-15 12:26:21.954] [exthost] [info] ExtensionService#loadCommonJSModule file:///snap/code/14/usr/share/code/resources/app/extensions/merge-conflict/dist/extension
[2019-09-15 12:26:21.960] [exthost] [info] ExtensionService#_doActivateExtension formulahendry.auto-close-tag {"startup":true,"activationEvent":"*"}
[2019-09-15 12:26:21.960] [exthost] [info] ExtensionService#loadCommonJSModule file:///home/bigbteam/.vscode/extensions/formulahendry.auto-close-tag-0.5.6/out/src/extension
[2019-09-15 12:26:21.961] [exthost] [info] ExtensionService#_doActivateExtension formulahendry.auto-rename-tag {"startup":true,"activationEvent":"*"}
[2019-09-15 12:26:21.961] [exthost] [info] ExtensionService#loadCommonJSModule file:///home/bigbteam/.vscode/extensions/formulahendry.auto-rename-tag-0.1.0/out/src/extension
[2019-09-15 12:26:21.964] [exthost] [info] ExtensionService#_doActivateExtension vscode.npm {"startup":true,"activationEvent":"workspaceContains:package.json"}
[2019-09-15 12:26:21.964] [exthost] [info] ExtensionService#loadCommonJSModule file:///snap/code/14/usr/share/code/resources/app/extensions/npm/dist/main
[2019-09-15 12:26:22.004] [exthost] [info] eager extensions activated
[2019-09-15 12:26:39.210] [exthost] [info] ExtensionService#_doActivateExtension vscode.html-language-features {"startup":false,"activationEvent":"onLanguage:html"}
[2019-09-15 12:26:39.210] [exthost] [info] ExtensionService#loadCommonJSModule file:///snap/code/14/usr/share/code/resources/app/extensions/html-language-features/client/dist/htmlMain
[2019-09-15 12:28:30.623] [exthost] [info] ExtensionService#_doActivateExtension vscode.css-language-features {"startup":false,"activationEvent":"onLanguage:css"}
[2019-09-15 12:28:30.623] [exthost] [info] ExtensionService#loadCommonJSModule file:///snap/code/14/usr/share/code/resources/app/extensions/css-language-features/client/dist/cssMain
[2019-09-15 13:51:03.503] [exthost] [info] ExtensionService#_doActivateExtension vscode.extension-editing {"startup":false,"activationEvent":"onLanguage:typescript"}
[2019-09-15 13:51:03.503] [exthost] [info] ExtensionService#loadCommonJSModule file:///snap/code/14/usr/share/code/resources/app/extensions/extension-editing/dist/extension
[2019-09-15 13:51:03.578] [exthost] [info] ExtensionService#_doActivateExtension vscode.typescript-language-features {"startup":false,"activationEvent":"onLanguage:typescript"}
[2019-09-15 13:51:03.579] [exthost] [info] ExtensionService#loadCommonJSModule file:///snap/code/14/usr/share/code/resources/app/extensions/typescript-language-features/dist/extension
[2019-09-15 13:51:11.297] [exthost] [info] ExtensionService#_doActivateExtension vscode.configuration-editing {"startup":false,"activationEvent":"onLanguage:jsonc"}
[2019-09-15 13:51:11.298] [exthost] [info] ExtensionService#loadCommonJSModule file:///snap/code/14/usr/share/code/resources/app/extensions/configuration-editing/dist/extension
[2019-09-15 13:51:11.312] [exthost] [info] ExtensionService#_doActivateExtension vscode.json-language-features {"startup":false,"activationEvent":"onLanguage:jsonc"}
[2019-09-15 13:51:11.312] [exthost] [info] ExtensionService#loadCommonJSModule file:///snap/code/14/usr/share/code/resources/app/extensions/json-language-features/client/dist/jsonMain
